[INFO] Scanning for projects...
[INFO]                                                                         
[INFO] ------------------------------------------------------------------------
[INFO] Building library 1.0-SNAPSHOT
[INFO] ------------------------------------------------------------------------
[INFO] 
[INFO] --- maven-clean-plugin:2.5:clean (default-clean) @ library ---
[INFO] Deleting E:\Users\lr3\Documents\NetBeansProjects\SchoolProject-master\Library\target
[INFO] 
[INFO] --- maven-resources-plugin:2.6:resources (default-resources) @ library ---
[INFO] Using 'UTF-8' encoding to copy filtered resources.
[INFO] Copying 3 resources
[INFO] 
[INFO] --- maven-compiler-plugin:3.1:compile (default-compile) @ library ---
[INFO] Changes detected - recompiling the module!
[INFO] Compiling 17 source files to E:\Users\lr3\Documents\NetBeansProjects\SchoolProject-master\Library\target\classes
[WARNING] /E:/Users/lr3/Documents/NetBeansProjects/SchoolProject-master/Library/src/main/java/edu/spsu/swe2313/group7/library/dao/UserMapper.java: Some input files use unchecked or unsafe operations.
[WARNING] /E:/Users/lr3/Documents/NetBeansProjects/SchoolProject-master/Library/src/main/java/edu/spsu/swe2313/group7/library/dao/UserMapper.java: Recompile with -Xlint:unchecked for details.
[INFO] 
[INFO] --- maven-resources-plugin:2.6:testResources (default-testResources) @ library ---
[INFO] Using 'UTF-8' encoding to copy filtered resources.
[INFO] skip non existing resourceDirectory E:\Users\lr3\Documents\NetBeansProjects\SchoolProject-master\Library\src\test\resources
[INFO] 
[INFO] --- maven-compiler-plugin:3.1:testCompile (default-testCompile) @ library ---
[INFO] Changes detected - recompiling the module!
[INFO] Compiling 7 source files to E:\Users\lr3\Documents\NetBeansProjects\SchoolProject-master\Library\target\test-classes
[INFO] 
[INFO] --- maven-surefire-plugin:2.12.4:test (default-test) @ library ---
[INFO] Surefire report directory: E:\Users\lr3\Documents\NetBeansProjects\SchoolProject-master\Library\target\surefire-reports

-------------------------------------------------------
 T E S T S
-------------------------------------------------------
Running edu.spsu.swe2313.group7.library.controllerTest.AuthenticationControllerTest
log4j: reset attribute= "false".
log4j: Threshold ="null".
log4j: Retreiving an instance of org.apache.log4j.Logger.
log4j: Setting [org.springframework] additivity to [true].
log4j: Level value for org.springframework is  [error].
log4j: org.springframework level set to ERROR
log4j: Retreiving an instance of org.apache.log4j.Logger.
log4j: Setting [org.hibernate] additivity to [true].
log4j: Level value for org.hibernate is  [error].
log4j: org.hibernate level set to ERROR
log4j: Retreiving an instance of org.apache.log4j.Logger.
log4j: Setting [javax.persistence] additivity to [true].
log4j: Level value for javax.persistence is  [error].
log4j: javax.persistence level set to ERROR
log4j: Retreiving an instance of org.apache.log4j.Logger.
log4j: Setting [edu.spsu.swe2313.group7.library] additivity to [true].
log4j: Level value for edu.spsu.swe2313.group7.library is  [debug].
log4j: edu.spsu.swe2313.group7.library level set to DEBUG
log4j: Level value for root is  [debug].
log4j: root level set to DEBUG
log4j: Class name: [org.apache.log4j.ConsoleAppender]
log4j: Parsing layout of class: "org.apache.log4j.PatternLayout"
log4j: Setting property [conversionPattern] to [%d{yyyy-MM-dd HH:mm:ss} %-5p %c{1}:%L - %m%n].
log4j: Adding appender named [console] to category [root].
2015-04-14 16:30:21 DEBUG logging:55 - Logging Provider: org.jboss.logging.Log4jLoggerProvider
2015-04-14 16:30:22 ERROR SchemaExport:425 - HHH000389: Unsuccessful: alter table BOOK drop constraint FK_d0dh7cgoe42f53ve0oo6ecpj
2015-04-14 16:30:22 ERROR SchemaExport:426 - user lacks privilege or object not found: PUBLIC.BOOK
2015-04-14 16:30:22 ERROR SchemaExport:425 - HHH000389: Unsuccessful: alter table BOOK_AUTHORS drop constraint FK_pospwn3uekp1cixbowtbimky6
2015-04-14 16:30:22 ERROR SchemaExport:426 - user lacks privilege or object not found: PUBLIC.BOOK_AUTHORS
2015-04-14 16:30:22 ERROR SchemaExport:425 - HHH000389: Unsuccessful: alter table BOOK_AUTHORS drop constraint FK_j4a2b5hgm0qg4arpohbdfxrdo
2015-04-14 16:30:22 ERROR SchemaExport:426 - user lacks privilege or object not found: PUBLIC.BOOK_AUTHORS
2015-04-14 16:30:22 ERROR SchemaExport:425 - HHH000389: Unsuccessful: alter table BOOK_WAITING_PATRONS drop constraint FK_1gbtshrqcyp8pgidcatm6clbe
2015-04-14 16:30:22 ERROR SchemaExport:426 - user lacks privilege or object not found: PUBLIC.BOOK_WAITING_PATRONS
2015-04-14 16:30:22 ERROR SchemaExport:425 - HHH000389: Unsuccessful: alter table BOOK_WAITING_PATRONS drop constraint FK_k5hsprbrlpfvnrthksca1v9n6
2015-04-14 16:30:22 ERROR SchemaExport:426 - user lacks privilege or object not found: PUBLIC.BOOK_WAITING_PATRONS
2015-04-14 16:30:22 INFO  AuthorMapper:26 - Author saved successfuly, Last0, First0
2015-04-14 16:30:22 INFO  AuthorMapper:26 - Author saved successfuly, Last1, First1
2015-04-14 16:30:22 INFO  AuthorMapper:26 - Author saved successfuly, Last2, First2
2015-04-14 16:30:22 INFO  AuthorMapper:26 - Author saved successfuly, Last3, First3
2015-04-14 16:30:22 INFO  AuthorMapper:26 - Author saved successfuly, Last4, First4
2015-04-14 16:30:22 INFO  AuthorMapper:26 - Author saved successfuly, Last5, First5
2015-04-14 16:30:22 INFO  AuthorMapper:26 - Author saved successfuly, Last6, First6
2015-04-14 16:30:22 INFO  AuthorMapper:26 - Author saved successfuly, Last7, First7
2015-04-14 16:30:22 INFO  AuthorMapper:26 - Author saved successfuly, Last8, First8
2015-04-14 16:30:22 INFO  AuthorMapper:26 - Author saved successfuly, Last9, First9
2015-04-14 16:30:22 INFO  AuthorMapper:26 - Author saved successfuly, Last10, First10
2015-04-14 16:30:22 INFO  AuthorMapper:26 - Author saved successfuly, Last11, First11
2015-04-14 16:30:22 INFO  AuthorMapper:26 - Author saved successfuly, Last12, First12
2015-04-14 16:30:22 INFO  AuthorMapper:26 - Author saved successfuly, Last13, First13
2015-04-14 16:30:22 INFO  AuthorMapper:26 - Author saved successfuly, Last14, First14
2015-04-14 16:30:22 INFO  AuthorMapper:26 - Author saved successfuly, Last15, First15
2015-04-14 16:30:22 INFO  AuthorMapper:26 - Author saved successfuly, Last16, First16
2015-04-14 16:30:22 INFO  AuthorMapper:26 - Author saved successfuly, Last17, First17
2015-04-14 16:30:22 INFO  AuthorMapper:26 - Author saved successfuly, Last18, First18
2015-04-14 16:30:22 INFO  AuthorMapper:26 - Author saved successfuly, Last19, First19
2015-04-14 16:30:22 INFO  AuthorMapper:26 - Author saved successfuly, Last20, First20
2015-04-14 16:30:22 INFO  AuthorMapper:26 - Author saved successfuly, Last21, First21
2015-04-14 16:30:22 INFO  AuthorMapper:26 - Author saved successfuly, Last22, First22
2015-04-14 16:30:22 INFO  AuthorMapper:26 - Author saved successfuly, Last23, First23
2015-04-14 16:30:22 INFO  AuthorMapper:26 - Author saved successfuly, Last24, First24
2015-04-14 16:30:22 INFO  AuthorMapper:26 - Author saved successfuly, Last25, First25
2015-04-14 16:30:22 INFO  AuthorMapper:26 - Author saved successfuly, Last26, First26
2015-04-14 16:30:22 INFO  AuthorMapper:26 - Author saved successfuly, Last27, First27
2015-04-14 16:30:22 INFO  AuthorMapper:26 - Author saved successfuly, Last28, First28
2015-04-14 16:30:22 INFO  AuthorMapper:26 - Author saved successfuly, Last29, First29
2015-04-14 16:30:22 INFO  AuthorMapper:26 - Author saved successfuly, Last30, First30
2015-04-14 16:30:22 INFO  AuthorMapper:26 - Author saved successfuly, Last31, First31
2015-04-14 16:30:22 INFO  AuthorMapper:26 - Author saved successfuly, Last32, First32
2015-04-14 16:30:22 INFO  AuthorMapper:26 - Author saved successfuly, Last33, First33
2015-04-14 16:30:22 INFO  AuthorMapper:26 - Author saved successfuly, Last34, First34
2015-04-14 16:30:22 INFO  AuthorMapper:26 - Author saved successfuly, Last35, First35
2015-04-14 16:30:22 INFO  AuthorMapper:26 - Author saved successfuly, Last36, First36
2015-04-14 16:30:22 INFO  AuthorMapper:26 - Author saved successfuly, Last37, First37
2015-04-14 16:30:22 INFO  AuthorMapper:26 - Author saved successfuly, Last38, First38
2015-04-14 16:30:22 INFO  AuthorMapper:26 - Author saved successfuly, Last39, First39
2015-04-14 16:30:22 INFO  AuthorMapper:26 - Author saved successfuly, Last40, First40
2015-04-14 16:30:22 INFO  AuthorMapper:26 - Author saved successfuly, Last41, First41
2015-04-14 16:30:22 INFO  AuthorMapper:26 - Author saved successfuly, Last42, First42
2015-04-14 16:30:22 INFO  AuthorMapper:26 - Author saved successfuly, Last43, First43
2015-04-14 16:30:22 INFO  AuthorMapper:26 - Author saved successfuly, Last44, First44
2015-04-14 16:30:22 INFO  AuthorMapper:26 - Author saved successfuly, Last45, First45
2015-04-14 16:30:22 INFO  AuthorMapper:26 - Author saved successfuly, Last46, First46
2015-04-14 16:30:22 INFO  AuthorMapper:26 - Author saved successfuly, Last47, First47
2015-04-14 16:30:22 INFO  AuthorMapper:26 - Author saved successfuly, Last48, First48
2015-04-14 16:30:22 INFO  AuthorMapper:26 - Author saved successfuly, Last49, First49
2015-04-14 16:30:22 INFO  AuthorMapper:26 - Author saved successfuly, Last50, First50
2015-04-14 16:30:22 INFO  AuthorMapper:26 - Author saved successfuly, Last51, First51
2015-04-14 16:30:22 INFO  AuthorMapper:26 - Author saved successfuly, Last52, First52
2015-04-14 16:30:22 INFO  AuthorMapper:26 - Author saved successfuly, Last53, First53
2015-04-14 16:30:22 INFO  AuthorMapper:26 - Author saved successfuly, Last54, First54
2015-04-14 16:30:22 INFO  AuthorMapper:26 - Author saved successfuly, Last55, First55
2015-04-14 16:30:22 INFO  AuthorMapper:26 - Author saved successfuly, Last56, First56
2015-04-14 16:30:22 INFO  AuthorMapper:26 - Author saved successfuly, Last57, First57
2015-04-14 16:30:22 INFO  AuthorMapper:26 - Author saved successfuly, Last58, First58
2015-04-14 16:30:22 INFO  AuthorMapper:26 - Author saved successfuly, Last59, First59
2015-04-14 16:30:22 INFO  AuthorMapper:26 - Author saved successfuly, Last60, First60
2015-04-14 16:30:22 INFO  AuthorMapper:26 - Author saved successfuly, Last61, First61
2015-04-14 16:30:22 INFO  AuthorMapper:26 - Author saved successfuly, Last62, First62
2015-04-14 16:30:22 INFO  AuthorMapper:26 - Author saved successfuly, Last63, First63
2015-04-14 16:30:22 INFO  AuthorMapper:26 - Author saved successfuly, Last64, First64
2015-04-14 16:30:22 INFO  AuthorMapper:26 - Author saved successfuly, Last65, First65
2015-04-14 16:30:22 INFO  AuthorMapper:26 - Author saved successfuly, Last66, First66
2015-04-14 16:30:22 INFO  AuthorMapper:26 - Author saved successfuly, Last67, First67
2015-04-14 16:30:22 INFO  AuthorMapper:26 - Author saved successfuly, Last68, First68
2015-04-14 16:30:22 INFO  AuthorMapper:26 - Author saved successfuly, Last69, First69
2015-04-14 16:30:22 INFO  AuthorMapper:26 - Author saved successfuly, Last70, First70
2015-04-14 16:30:22 INFO  AuthorMapper:26 - Author saved successfuly, Last71, First71
2015-04-14 16:30:22 INFO  AuthorMapper:26 - Author saved successfuly, Last72, First72
2015-04-14 16:30:22 INFO  AuthorMapper:26 - Author saved successfuly, Last73, First73
2015-04-14 16:30:22 INFO  AuthorMapper:26 - Author saved successfuly, Last74, First74
2015-04-14 16:30:22 INFO  AuthorMapper:26 - Author saved successfuly, Last75, First75
2015-04-14 16:30:22 INFO  AuthorMapper:26 - Author saved successfuly, Last76, First76
2015-04-14 16:30:22 INFO  AuthorMapper:26 - Author saved successfuly, Last77, First77
2015-04-14 16:30:22 INFO  AuthorMapper:26 - Author saved successfuly, Last78, First78
2015-04-14 16:30:22 INFO  AuthorMapper:26 - Author saved successfuly, Last79, First79
2015-04-14 16:30:22 INFO  AuthorMapper:26 - Author saved successfuly, Last80, First80
2015-04-14 16:30:22 INFO  AuthorMapper:26 - Author saved successfuly, Last81, First81
2015-04-14 16:30:22 INFO  AuthorMapper:26 - Author saved successfuly, Last82, First82
2015-04-14 16:30:22 INFO  AuthorMapper:26 - Author saved successfuly, Last83, First83
2015-04-14 16:30:22 INFO  AuthorMapper:26 - Author saved successfuly, Last84, First84
2015-04-14 16:30:22 INFO  AuthorMapper:26 - Author saved successfuly, Last85, First85
2015-04-14 16:30:22 INFO  AuthorMapper:26 - Author saved successfuly, Last86, First86
2015-04-14 16:30:22 INFO  AuthorMapper:26 - Author saved successfuly, Last87, First87
2015-04-14 16:30:22 INFO  AuthorMapper:26 - Author saved successfuly, Last88, First88
2015-04-14 16:30:22 INFO  AuthorMapper:26 - Author saved successfuly, Last89, First89
2015-04-14 16:30:22 INFO  AuthorMapper:26 - Author saved successfuly, Last90, First90
2015-04-14 16:30:22 INFO  AuthorMapper:26 - Author saved successfuly, Last91, First91
2015-04-14 16:30:22 INFO  AuthorMapper:26 - Author saved successfuly, Last92, First92
2015-04-14 16:30:22 INFO  AuthorMapper:26 - Author saved successfuly, Last93, First93
2015-04-14 16:30:22 INFO  AuthorMapper:26 - Author saved successfuly, Last94, First94
2015-04-14 16:30:22 INFO  AuthorMapper:26 - Author saved successfuly, Last95, First95
2015-04-14 16:30:22 INFO  AuthorMapper:26 - Author saved successfuly, Last96, First96
2015-04-14 16:30:22 INFO  AuthorMapper:26 - Author saved successfuly, Last97, First97
2015-04-14 16:30:22 INFO  AuthorMapper:26 - Author saved successfuly, Last98, First98
2015-04-14 16:30:22 INFO  AuthorMapper:26 - Author saved successfuly, Last99, First99
2015-04-14 16:30:22 INFO  AuthorMapper:26 - Author saved successfuly, Last100, First100
2015-04-14 16:30:22 INFO  AuthorMapper:26 - Author saved successfuly, Last101, First101
2015-04-14 16:30:22 INFO  AuthorMapper:26 - Author saved successfuly, Last102, First102
2015-04-14 16:30:22 INFO  AuthorMapper:26 - Author saved successfuly, Last103, First103
2015-04-14 16:30:22 INFO  AuthorMapper:26 - Author saved successfuly, Last104, First104
2015-04-14 16:30:22 INFO  AuthorMapper:26 - Author saved successfuly, Last105, First105
2015-04-14 16:30:22 INFO  AuthorMapper:26 - Author saved successfuly, Last106, First106
2015-04-14 16:30:22 INFO  AuthorMapper:26 - Author saved successfuly, Last107, First107
2015-04-14 16:30:22 INFO  AuthorMapper:26 - Author saved successfuly, Last108, First108
2015-04-14 16:30:22 INFO  AuthorMapper:26 - Author saved successfuly, Last109, First109
2015-04-14 16:30:22 INFO  AuthorMapper:26 - Author saved successfuly, Last110, First110
2015-04-14 16:30:22 INFO  AuthorMapper:26 - Author saved successfuly, Last111, First111
2015-04-14 16:30:22 INFO  AuthorMapper:26 - Author saved successfuly, Last112, First112
2015-04-14 16:30:22 INFO  AuthorMapper:26 - Author saved successfuly, Last113, First113
2015-04-14 16:30:22 INFO  AuthorMapper:26 - Author saved successfuly, Last114, First114
2015-04-14 16:30:22 INFO  AuthorMapper:26 - Author saved successfuly, Last115, First115
2015-04-14 16:30:22 INFO  AuthorMapper:26 - Author saved successfuly, Last116, First116
2015-04-14 16:30:22 INFO  AuthorMapper:26 - Author saved successfuly, Last117, First117
2015-04-14 16:30:22 INFO  AuthorMapper:26 - Author saved successfuly, Last118, First118
2015-04-14 16:30:22 INFO  AuthorMapper:26 - Author saved successfuly, Last119, First119
2015-04-14 16:30:22 INFO  AuthorMapper:26 - Author saved successfuly, Last120, First120
2015-04-14 16:30:22 INFO  AuthorMapper:26 - Author saved successfuly, Last121, First121
2015-04-14 16:30:22 INFO  AuthorMapper:26 - Author saved successfuly, Last122, First122
2015-04-14 16:30:22 INFO  AuthorMapper:26 - Author saved successfuly, Last123, First123
2015-04-14 16:30:22 INFO  AuthorMapper:26 - Author saved successfuly, Last124, First124
2015-04-14 16:30:22 INFO  AuthorMapper:26 - Author saved successfuly, Last125, First125
2015-04-14 16:30:22 INFO  AuthorMapper:26 - Author saved successfuly, Last126, First126
2015-04-14 16:30:22 INFO  AuthorMapper:26 - Author saved successfuly, Last127, First127
2015-04-14 16:30:22 INFO  AuthorMapper:26 - Author saved successfuly, Last128, First128
2015-04-14 16:30:22 INFO  AuthorMapper:26 - Author saved successfuly, Last129, First129
2015-04-14 16:30:22 INFO  AuthorMapper:26 - Author saved successfuly, Last130, First130
2015-04-14 16:30:22 INFO  AuthorMapper:26 - Author saved successfuly, Last131, First131
2015-04-14 16:30:22 INFO  AuthorMapper:26 - Author saved successfuly, Last132, First132
2015-04-14 16:30:22 INFO  AuthorMapper:26 - Author saved successfuly, Last133, First133
2015-04-14 16:30:22 INFO  AuthorMapper:26 - Author saved successfuly, Last134, First134
2015-04-14 16:30:22 INFO  AuthorMapper:26 - Author saved successfuly, Last135, First135
2015-04-14 16:30:22 INFO  AuthorMapper:26 - Author saved successfuly, Last136, First136
2015-04-14 16:30:22 INFO  AuthorMapper:26 - Author saved successfuly, Last137, First137
2015-04-14 16:30:22 INFO  AuthorMapper:26 - Author saved successfuly, Last138, First138
2015-04-14 16:30:22 INFO  AuthorMapper:26 - Author saved successfuly, Last139, First139
2015-04-14 16:30:22 INFO  AuthorMapper:26 - Author saved successfuly, Last140, First140
2015-04-14 16:30:22 INFO  AuthorMapper:26 - Author saved successfuly, Last141, First141
2015-04-14 16:30:22 INFO  AuthorMapper:26 - Author saved successfuly, Last142, First142
2015-04-14 16:30:22 INFO  AuthorMapper:26 - Author saved successfuly, Last143, First143
2015-04-14 16:30:22 INFO  AuthorMapper:26 - Author saved successfuly, Last144, First144
2015-04-14 16:30:22 INFO  AuthorMapper:26 - Author saved successfuly, Last145, First145
2015-04-14 16:30:22 INFO  AuthorMapper:26 - Author saved successfuly, Last146, First146
2015-04-14 16:30:22 INFO  AuthorMapper:26 - Author saved successfuly, Last147, First147
2015-04-14 16:30:22 INFO  AuthorMapper:26 - Author saved successfuly, Last148, First148
2015-04-14 16:30:22 INFO  AuthorMapper:26 - Author saved successfuly, Last149, First149
2015-04-14 16:30:22 INFO  AuthorMapper:26 - Author saved successfuly, Last150, First150
2015-04-14 16:30:22 INFO  AuthorMapper:26 - Author saved successfuly, Last151, First151
2015-04-14 16:30:22 INFO  AuthorMapper:26 - Author saved successfuly, Last152, First152
2015-04-14 16:30:22 INFO  AuthorMapper:26 - Author saved successfuly, Last153, First153
2015-04-14 16:30:22 INFO  AuthorMapper:26 - Author saved successfuly, Last154, First154
2015-04-14 16:30:22 INFO  AuthorMapper:26 - Author saved successfuly, Last155, First155
2015-04-14 16:30:22 INFO  AuthorMapper:26 - Author saved successfuly, Last156, First156
2015-04-14 16:30:22 INFO  AuthorMapper:26 - Author saved successfuly, Last157, First157
2015-04-14 16:30:22 INFO  AuthorMapper:26 - Author saved successfuly, Last158, First158
2015-04-14 16:30:22 INFO  AuthorMapper:26 - Author saved successfuly, Last159, First159
2015-04-14 16:30:22 INFO  AuthorMapper:26 - Author saved successfuly, Last160, First160
2015-04-14 16:30:22 INFO  AuthorMapper:26 - Author saved successfuly, Last161, First161
2015-04-14 16:30:22 INFO  AuthorMapper:26 - Author saved successfuly, Last162, First162
2015-04-14 16:30:22 INFO  AuthorMapper:26 - Author saved successfuly, Last163, First163
2015-04-14 16:30:22 INFO  AuthorMapper:26 - Author saved successfuly, Last164, First164
2015-04-14 16:30:22 INFO  AuthorMapper:26 - Author saved successfuly, Last165, First165
2015-04-14 16:30:22 INFO  AuthorMapper:26 - Author saved successfuly, Last166, First166
2015-04-14 16:30:22 INFO  AuthorMapper:26 - Author saved successfuly, Last167, First167
2015-04-14 16:30:22 INFO  AuthorMapper:26 - Author saved successfuly, Last168, First168
2015-04-14 16:30:22 INFO  AuthorMapper:26 - Author saved successfuly, Last169, First169
2015-04-14 16:30:22 INFO  AuthorMapper:26 - Author saved successfuly, Last170, First170
2015-04-14 16:30:22 INFO  AuthorMapper:26 - Author saved successfuly, Last171, First171
2015-04-14 16:30:22 INFO  AuthorMapper:26 - Author saved successfuly, Last172, First172
2015-04-14 16:30:22 INFO  AuthorMapper:26 - Author saved successfuly, Last173, First173
2015-04-14 16:30:22 INFO  AuthorMapper:26 - Author saved successfuly, Last174, First174
2015-04-14 16:30:22 INFO  AuthorMapper:26 - Author saved successfuly, Last175, First175
2015-04-14 16:30:22 INFO  AuthorMapper:26 - Author saved successfuly, Last176, First176
2015-04-14 16:30:22 INFO  AuthorMapper:26 - Author saved successfuly, Last177, First177
2015-04-14 16:30:22 INFO  AuthorMapper:26 - Author saved successfuly, Last178, First178
2015-04-14 16:30:22 INFO  AuthorMapper:26 - Author saved successfuly, Last179, First179
2015-04-14 16:30:22 INFO  AuthorMapper:26 - Author saved successfuly, Last180, First180
2015-04-14 16:30:22 INFO  AuthorMapper:26 - Author saved successfuly, Last181, First181
2015-04-14 16:30:22 INFO  AuthorMapper:26 - Author saved successfuly, Last182, First182
2015-04-14 16:30:22 INFO  AuthorMapper:26 - Author saved successfuly, Last183, First183
2015-04-14 16:30:22 INFO  AuthorMapper:26 - Author saved successfuly, Last184, First184
2015-04-14 16:30:22 INFO  AuthorMapper:26 - Author saved successfuly, Last185, First185
2015-04-14 16:30:22 INFO  AuthorMapper:26 - Author saved successfuly, Last186, First186
2015-04-14 16:30:22 INFO  AuthorMapper:26 - Author saved successfuly, Last187, First187
2015-04-14 16:30:22 INFO  AuthorMapper:26 - Author saved successfuly, Last188, First188
2015-04-14 16:30:22 INFO  AuthorMapper:26 - Author saved successfuly, Last189, First189
2015-04-14 16:30:22 INFO  AuthorMapper:26 - Author saved successfuly, Last190, First190
2015-04-14 16:30:22 INFO  AuthorMapper:26 - Author saved successfuly, Last191, First191
2015-04-14 16:30:22 INFO  AuthorMapper:26 - Author saved successfuly, Last192, First192
2015-04-14 16:30:22 INFO  AuthorMapper:26 - Author saved successfuly, Last193, First193
2015-04-14 16:30:22 INFO  AuthorMapper:26 - Author saved successfuly, Last194, First194
2015-04-14 16:30:22 INFO  AuthorMapper:26 - Author saved successfuly, Last195, First195
2015-04-14 16:30:22 INFO  AuthorMapper:26 - Author saved successfuly, Last196, First196
2015-04-14 16:30:22 INFO  AuthorMapper:26 - Author saved successfuly, Last197, First197
2015-04-14 16:30:22 INFO  AuthorMapper:26 - Author saved successfuly, Last198, First198
2015-04-14 16:30:22 INFO  AuthorMapper:26 - Author saved successfuly, Last199, First199
2015-04-14 16:30:22 INFO  AuthorMapper:26 - Author saved successfuly, Last200, First200
2015-04-14 16:30:22 INFO  AuthorMapper:26 - Author saved successfuly, Last201, First201
2015-04-14 16:30:22 INFO  AuthorMapper:26 - Author saved successfuly, Last202, First202
2015-04-14 16:30:22 INFO  AuthorMapper:26 - Author saved successfuly, Last203, First203
2015-04-14 16:30:22 INFO  AuthorMapper:26 - Author saved successfuly, Last204, First204
2015-04-14 16:30:22 INFO  AuthorMapper:26 - Author saved successfuly, Last205, First205
2015-04-14 16:30:22 INFO  AuthorMapper:26 - Author saved successfuly, Last206, First206
2015-04-14 16:30:22 INFO  AuthorMapper:26 - Author saved successfuly, Last207, First207
2015-04-14 16:30:22 INFO  AuthorMapper:26 - Author saved successfuly, Last208, First208
2015-04-14 16:30:22 INFO  AuthorMapper:26 - Author saved successfuly, Last209, First209
2015-04-14 16:30:22 INFO  AuthorMapper:26 - Author saved successfuly, Last210, First210
2015-04-14 16:30:22 INFO  AuthorMapper:26 - Author saved successfuly, Last211, First211
2015-04-14 16:30:22 INFO  AuthorMapper:26 - Author saved successfuly, Last212, First212
2015-04-14 16:30:22 INFO  AuthorMapper:26 - Author saved successfuly, Last213, First213
2015-04-14 16:30:22 INFO  AuthorMapper:26 - Author saved successfuly, Last214, First214
2015-04-14 16:30:22 INFO  AuthorMapper:26 - Author saved successfuly, Last215, First215
2015-04-14 16:30:22 INFO  AuthorMapper:26 - Author saved successfuly, Last216, First216
2015-04-14 16:30:22 INFO  AuthorMapper:26 - Author saved successfuly, Last217, First217
2015-04-14 16:30:22 INFO  AuthorMapper:26 - Author saved successfuly, Last218, First218
2015-04-14 16:30:22 INFO  AuthorMapper:26 - Author saved successfuly, Last219, First219
2015-04-14 16:30:22 INFO  AuthorMapper:26 - Author saved successfuly, Last220, First220
2015-04-14 16:30:22 INFO  AuthorMapper:26 - Author saved successfuly, Last221, First221
2015-04-14 16:30:22 INFO  AuthorMapper:26 - Author saved successfuly, Last222, First222
2015-04-14 16:30:22 INFO  AuthorMapper:26 - Author saved successfuly, Last223, First223
2015-04-14 16:30:22 INFO  AuthorMapper:26 - Author saved successfuly, Last224, First224
2015-04-14 16:30:22 INFO  AuthorMapper:26 - Author saved successfuly, Last225, First225
2015-04-14 16:30:22 INFO  AuthorMapper:26 - Author saved successfuly, Last226, First226
2015-04-14 16:30:22 INFO  AuthorMapper:26 - Author saved successfuly, Last227, First227
2015-04-14 16:30:22 INFO  AuthorMapper:26 - Author saved successfuly, Last228, First228
2015-04-14 16:30:22 INFO  AuthorMapper:26 - Author saved successfuly, Last229, First229
2015-04-14 16:30:22 INFO  AuthorMapper:26 - Author saved successfuly, Last230, First230
2015-04-14 16:30:22 INFO  AuthorMapper:26 - Author saved successfuly, Last231, First231
2015-04-14 16:30:22 INFO  AuthorMapper:26 - Author saved successfuly, Last232, First232
2015-04-14 16:30:22 INFO  AuthorMapper:26 - Author saved successfuly, Last233, First233
2015-04-14 16:30:22 INFO  AuthorMapper:26 - Author saved successfuly, Last234, First234
2015-04-14 16:30:22 INFO  AuthorMapper:26 - Author saved successfuly, Last235, First235
2015-04-14 16:30:22 INFO  AuthorMapper:26 - Author saved successfuly, Last236, First236
2015-04-14 16:30:22 INFO  AuthorMapper:26 - Author saved successfuly, Last237, First237
2015-04-14 16:30:22 INFO  AuthorMapper:26 - Author saved successfuly, Last238, First238
2015-04-14 16:30:22 INFO  AuthorMapper:26 - Author saved successfuly, Last239, First239
2015-04-14 16:30:22 INFO  AuthorMapper:26 - Author saved successfuly, Last240, First240
2015-04-14 16:30:22 INFO  AuthorMapper:26 - Author saved successfuly, Last241, First241
2015-04-14 16:30:22 INFO  AuthorMapper:26 - Author saved successfuly, Last242, First242
2015-04-14 16:30:22 INFO  AuthorMapper:26 - Author saved successfuly, Last243, First243
2015-04-14 16:30:22 INFO  AuthorMapper:26 - Author saved successfuly, Last244, First244
2015-04-14 16:30:22 INFO  AuthorMapper:26 - Author saved successfuly, Last245, First245
2015-04-14 16:30:22 INFO  AuthorMapper:26 - Author saved successfuly, Last246, First246
2015-04-14 16:30:22 INFO  AuthorMapper:26 - Author saved successfuly, Last247, First247
2015-04-14 16:30:22 INFO  AuthorMapper:26 - Author saved successfuly, Last248, First248
2015-04-14 16:30:22 INFO  AuthorMapper:26 - Author saved successfuly, Last249, First249
2015-04-14 16:30:22 INFO  AuthorMapper:26 - Author saved successfuly, Last250, First250
2015-04-14 16:30:22 INFO  AuthorMapper:26 - Author saved successfuly, Last251, First251
2015-04-14 16:30:22 INFO  AuthorMapper:26 - Author saved successfuly, Last252, First252
2015-04-14 16:30:22 INFO  AuthorMapper:26 - Author saved successfuly, Last253, First253
2015-04-14 16:30:22 INFO  AuthorMapper:26 - Author saved successfuly, Last254, First254
2015-04-14 16:30:22 INFO  AuthorMapper:26 - Author saved successfuly, Last255, First255
2015-04-14 16:30:22 INFO  AuthorMapper:26 - Author saved successfuly, Last256, First256
2015-04-14 16:30:22 INFO  AuthorMapper:26 - Author saved successfuly, Last257, First257
2015-04-14 16:30:22 INFO  AuthorMapper:26 - Author saved successfuly, Last258, First258
2015-04-14 16:30:22 INFO  AuthorMapper:26 - Author saved successfuly, Last259, First259
2015-04-14 16:30:22 INFO  AuthorMapper:26 - Author saved successfuly, Last260, First260
2015-04-14 16:30:22 INFO  AuthorMapper:26 - Author saved successfuly, Last261, First261
2015-04-14 16:30:22 INFO  AuthorMapper:26 - Author saved successfuly, Last262, First262
2015-04-14 16:30:22 INFO  AuthorMapper:26 - Author saved successfuly, Last263, First263
2015-04-14 16:30:22 INFO  AuthorMapper:26 - Author saved successfuly, Last264, First264
2015-04-14 16:30:22 INFO  AuthorMapper:26 - Author saved successfuly, Last265, First265
2015-04-14 16:30:22 INFO  AuthorMapper:26 - Author saved successfuly, Last266, First266
2015-04-14 16:30:22 INFO  AuthorMapper:26 - Author saved successfuly, Last267, First267
2015-04-14 16:30:22 INFO  AuthorMapper:26 - Author saved successfuly, Last268, First268
2015-04-14 16:30:22 INFO  AuthorMapper:26 - Author saved successfuly, Last269, First269
2015-04-14 16:30:22 INFO  AuthorMapper:26 - Author saved successfuly, Last270, First270
2015-04-14 16:30:22 INFO  AuthorMapper:26 - Author saved successfuly, Last271, First271
2015-04-14 16:30:22 INFO  AuthorMapper:26 - Author saved successfuly, Last272, First272
2015-04-14 16:30:22 INFO  AuthorMapper:26 - Author saved successfuly, Last273, First273
2015-04-14 16:30:22 INFO  AuthorMapper:26 - Author saved successfuly, Last274, First274
2015-04-14 16:30:22 INFO  AuthorMapper:26 - Author saved successfuly, Last275, First275
2015-04-14 16:30:22 INFO  AuthorMapper:26 - Author saved successfuly, Last276, First276
2015-04-14 16:30:22 INFO  AuthorMapper:26 - Author saved successfuly, Last277, First277
2015-04-14 16:30:22 INFO  AuthorMapper:26 - Author saved successfuly, Last278, First278
2015-04-14 16:30:22 INFO  AuthorMapper:26 - Author saved successfuly, Last279, First279
2015-04-14 16:30:22 INFO  AuthorMapper:26 - Author saved successfuly, Last280, First280
2015-04-14 16:30:22 INFO  AuthorMapper:26 - Author saved successfuly, Last281, First281
2015-04-14 16:30:22 INFO  AuthorMapper:26 - Author saved successfuly, Last282, First282
2015-04-14 16:30:22 INFO  AuthorMapper:26 - Author saved successfuly, Last283, First283
2015-04-14 16:30:22 INFO  AuthorMapper:26 - Author saved successfuly, Last284, First284
2015-04-14 16:30:22 INFO  AuthorMapper:26 - Author saved successfuly, Last285, First285
2015-04-14 16:30:22 INFO  AuthorMapper:26 - Author saved successfuly, Last286, First286
2015-04-14 16:30:22 INFO  AuthorMapper:26 - Author saved successfuly, Last287, First287
2015-04-14 16:30:22 INFO  AuthorMapper:26 - Author saved successfuly, Last288, First288
2015-04-14 16:30:22 INFO  AuthorMapper:26 - Author saved successfuly, Last289, First289
2015-04-14 16:30:22 INFO  AuthorMapper:26 - Author saved successfuly, Last290, First290
2015-04-14 16:30:22 INFO  AuthorMapper:26 - Author saved successfuly, Last291, First291
2015-04-14 16:30:22 INFO  AuthorMapper:26 - Author saved successfuly, Last292, First292
2015-04-14 16:30:22 INFO  AuthorMapper:26 - Author saved successfuly, Last293, First293
2015-04-14 16:30:22 INFO  AuthorMapper:26 - Author saved successfuly, Last294, First294
2015-04-14 16:30:22 INFO  AuthorMapper:26 - Author saved successfuly, Last295, First295
2015-04-14 16:30:22 INFO  AuthorMapper:26 - Author saved successfuly, Last296, First296
2015-04-14 16:30:22 INFO  AuthorMapper:26 - Author saved successfuly, Last297, First297
2015-04-14 16:30:22 INFO  AuthorMapper:26 - Author saved successfuly, Last298, First298
2015-04-14 16:30:22 INFO  AuthorMapper:26 - Author saved successfuly, Last299, First299
2015-04-14 16:30:22 DEBUG BookController:73 - Found User:
2015-04-14 16:30:22 DEBUG BookController:74 - Last Name: Jones
2015-04-14 16:30:22 DEBUG BookController:75 - First Name: Bob
2015-04-14 16:30:22 INFO  UserMapper:28 - User saved successfuly, Jones, Bob
2015-04-14 16:30:22 INFO  BookController:78 - Saved User with id 1
Tests run: 2, Failures: 0, Errors: 0, Skipped: 1, Time elapsed: 2.443 sec
Running edu.spsu.swe2313.group7.library.controllerTest.AuthorControllerTest
2015-04-14 16:30:22 INFO  UserMapper:28 - User saved successfuly, Librarian, One
2015-04-14 16:30:22 INFO  UserMapper:28 - User saved successfuly, Librarian, One
2015-04-14 16:30:22 INFO  UserMapper:71 - User loaded successfully, Librarian, One
2015-04-14 16:30:22 DEBUG AuthenticationMapper:155 - Returning user level
2015-04-14 16:30:22 DEBUG AuthenticationMapper:95 - Checking User Priviledge Level
2015-04-14 16:30:22 DEBUG AuthenticationMapper:108 - Requested Level Librarian, current level LIBRARIAN
2015-04-14 16:30:22 INFO  AuthorMapper:26 - Author saved successfuly, Tester1Last, Tester1First
Tests run: 2, Failures: 0, Errors: 0, Skipped: 0, Time elapsed: 0.116 sec
Running edu.spsu.swe2313.group7.library.controllerTest.BookControllerTest
2015-04-14 16:30:22 INFO  UserMapper:28 - User saved successfuly, null, One
2015-04-14 16:30:22 INFO  UserMapper:28 - User saved successfuly, Patron1, Patron1
2015-04-14 16:30:22 INFO  UserMapper:71 - User loaded successfully, Librarian, One
2015-04-14 16:30:22 DEBUG AuthenticationMapper:155 - Returning user level
2015-04-14 16:30:22 DEBUG AuthenticationMapper:95 - Checking User Priviledge Level
2015-04-14 16:30:22 DEBUG AuthenticationMapper:108 - Requested Level Librarian, current level LIBRARIAN
2015-04-14 16:30:23 INFO  UserMapper:28 - User saved successfuly, null, One
2015-04-14 16:30:23 INFO  UserMapper:28 - User saved successfuly, Patron1, Patron1
2015-04-14 16:30:23 INFO  UserMapper:71 - User loaded successfully, Librarian, One
2015-04-14 16:30:23 DEBUG AuthenticationMapper:155 - Returning user level
2015-04-14 16:30:23 DEBUG AuthenticationMapper:95 - Checking User Priviledge Level
2015-04-14 16:30:23 DEBUG AuthenticationMapper:108 - Requested Level Librarian, current level LIBRARIAN
2015-04-14 16:30:23 DEBUG BookController:98 - Found Book:
2015-04-14 16:30:23 DEBUG BookController:99 - Title: Test Book 1
2015-04-14 16:30:23 DEBUG BookController:100 - ISBN10: null
2015-04-14 16:30:23 DEBUG BookController:101 - ISBN13: 37
2015-04-14 16:30:23 DEBUG BookController:102 - Authors: 
2015-04-14 16:30:23 DEBUG BookController:105 - John
2015-04-14 16:30:23 INFO  BookMapper:53 - Book saved successfuly, Test Book 1
2015-04-14 16:30:23 INFO  BookController:113 - Saved Book with id 1
2015-04-14 16:30:23 INFO  UserMapper:71 - User loaded successfully, Librarian, One
2015-04-14 16:30:23 DEBUG BookControllerTest:193 - Attempting to load user by name
2015-04-14 16:30:23 INFO  UserMapper:71 - User loaded successfully, Patron1, Patron1
2015-04-14 16:30:23 DEBUG BookControllerTest:195 - Getting Books with the title 'Test Book 1'
2015-04-14 16:30:23 DEBUG BookMapper:83 - Trying to locate book with the title:Test Book 1
2015-04-14 16:30:23 DEBUG BookMapper:85 - Returning list of books
2015-04-14 16:30:23 DEBUG BookControllerTest:203 - Found Book, with Title: Test Book 1 and id: 1
2015-04-14 16:30:23 DEBUG BookControllerTest:207 - Calling checkout book, with book id =1 and user id: 5
2015-04-14 16:30:23 DEBUG AuthenticationMapper:155 - Returning user level
2015-04-14 16:30:23 DEBUG AuthenticationMapper:95 - Checking User Priviledge Level
2015-04-14 16:30:23 DEBUG AuthenticationMapper:113 - Requested Level JRLibrarian, current level LIBRARIAN
2015-04-14 16:30:23 DEBUG BookMapper:64 - Trying to locate book with the id:1
2015-04-14 16:30:23 INFO  BookMapper:66 - Book loaded successfully, Test Book 1
2015-04-14 16:30:23 DEBUG BookMapper:69 - Author John Smith Loaded
2015-04-14 16:30:23 INFO  UserMapper:39 - User loaded successfully, Patron1, Patron1
2015-04-14 16:30:23 DEBUG BookController:170 - Attempting checkout book id:1 to User Id: 5
2015-04-14 16:30:23 DEBUG User:154 - User is allowed checkout
2015-04-14 16:30:23 INFO  UserMapper:28 - User saved successfuly, null, One
2015-04-14 16:30:23 INFO  UserMapper:28 - User saved successfuly, Patron1, Patron1
2015-04-14 16:30:23 INFO  UserMapper:71 - User loaded successfully, Librarian, One
2015-04-14 16:30:23 DEBUG AuthenticationMapper:155 - Returning user level
2015-04-14 16:30:23 DEBUG AuthenticationMapper:95 - Checking User Priviledge Level
2015-04-14 16:30:23 DEBUG AuthenticationMapper:108 - Requested Level Librarian, current level LIBRARIAN
2015-04-14 16:30:23 DEBUG BookController:98 - Found Book:
2015-04-14 16:30:23 DEBUG BookController:99 - Title: Test Book 1
2015-04-14 16:30:23 DEBUG BookController:100 - ISBN10: null
2015-04-14 16:30:23 DEBUG BookController:101 - ISBN13: 37
2015-04-14 16:30:23 DEBUG BookController:102 - Authors: 
2015-04-14 16:30:23 DEBUG BookController:105 - John
2015-04-14 16:30:23 INFO  BookMapper:53 - Book saved successfuly, Test Book 1
2015-04-14 16:30:23 INFO  BookController:113 - Saved Book with id 2
2015-04-14 16:30:23 INFO  UserMapper:28 - User saved successfuly, null, One
2015-04-14 16:30:23 INFO  UserMapper:28 - User saved successfuly, Patron1, Patron1
2015-04-14 16:30:23 INFO  UserMapper:71 - User loaded successfully, Librarian, One
2015-04-14 16:30:23 INFO  UserMapper:71 - User loaded successfully, Patron1, Patron1
2015-04-14 16:30:23 DEBUG AuthenticationMapper:155 - Returning user level
2015-04-14 16:30:23 DEBUG AuthenticationMapper:95 - Checking User Priviledge Level
2015-04-14 16:30:23 DEBUG AuthenticationMapper:113 - Requested Level JRLibrarian, current level LIBRARIAN
2015-04-14 16:30:23 DEBUG BookMapper:64 - Trying to locate book with the id:12
2015-04-14 16:30:23 ERROR BookMapper:74 - Exception:
java.lang.NullPointerException
	at edu.spsu.swe2313.group7.library.dao.BookMapper.getBookById(BookMapper.java:66)
	at edu.spsu.swe2313.group7.library.dao.BookMapper$$FastClassBySpringCGLIB$$d851aaee.invoke(<generated>)
	at org.springframework.cglib.proxy.MethodProxy.invoke(MethodProxy.java:204)
	at org.springframework.aop.framework.CglibAopProxy$CglibMethodInvocation.invokeJoinpoint(CglibAopProxy.java:717)
	at org.springframework.aop.framework.ReflectiveMethodInvocation.proceed(ReflectiveMethodInvocation.java:157)
	at org.springframework.transaction.interceptor.TransactionInterceptor$1.proceedWithInvocation(TransactionInterceptor.java:99)
	at org.springframework.transaction.interceptor.TransactionAspectSupport.invokeWithinTransaction(TransactionAspectSupport.java:281)
	at org.springframework.transaction.interceptor.TransactionInterceptor.invoke(TransactionInterceptor.java:96)
	at org.springframework.aop.framework.ReflectiveMethodInvocation.proceed(ReflectiveMethodInvocation.java:179)
	at org.springframework.aop.framework.CglibAopProxy$DynamicAdvisedInterceptor.intercept(CglibAopProxy.java:653)
	at edu.spsu.swe2313.group7.library.dao.BookMapper$$EnhancerBySpringCGLIB$$195d2fbe.getBookById(<generated>)
	at edu.spsu.swe2313.group7.library.controller.BookController.checkOutBook(BookController.java:166)
	at edu.spsu.swe2313.group7.library.controllerTest.BookControllerTest.testCheckoutFail(BookControllerTest.java:239)
	at sun.reflect.NativeMethodAccessorImpl.invoke0(Native Method)
	at sun.reflect.NativeMethodAccessorImpl.invoke(NativeMethodAccessorImpl.java:57)
	at sun.reflect.DelegatingMethodAccessorImpl.invoke(DelegatingMethodAccessorImpl.java:43)
	at java.lang.reflect.Method.invoke(Method.java:606)
	at org.junit.runners.model.FrameworkMethod$1.runReflectiveCall(FrameworkMethod.java:45)
	at org.junit.internal.runners.model.ReflectiveCallable.run(ReflectiveCallable.java:15)
	at org.junit.runners.model.FrameworkMethod.invokeExplosively(FrameworkMethod.java:42)
	at org.junit.internal.runners.statements.InvokeMethod.evaluate(InvokeMethod.java:20)
	at org.junit.internal.runners.statements.RunBefores.evaluate(RunBefores.java:28)
	at org.springframework.test.context.junit4.statements.RunBeforeTestMethodCallbacks.evaluate(RunBeforeTestMethodCallbacks.java:73)
	at org.junit.internal.runners.statements.RunAfters.evaluate(RunAfters.java:30)
	at org.springframework.test.context.junit4.statements.RunAfterTestMethodCallbacks.evaluate(RunAfterTestMethodCallbacks.java:82)
	at org.springframework.test.context.junit4.statements.SpringRepeat.evaluate(SpringRepeat.java:73)
	at org.junit.runners.ParentRunner.runLeaf(ParentRunner.java:263)
	at org.springframework.test.context.junit4.SpringJUnit4ClassRunner.runChild(SpringJUnit4ClassRunner.java:217)
	at org.springframework.test.context.junit4.SpringJUnit4ClassRunner.runChild(SpringJUnit4ClassRunner.java:83)
	at org.junit.runners.ParentRunner$3.run(ParentRunner.java:231)
	at org.junit.runners.ParentRunner$1.schedule(ParentRunner.java:60)
	at org.junit.runners.ParentRunner.runChildren(ParentRunner.java:229)
	at org.junit.runners.ParentRunner.access$000(ParentRunner.java:50)
	at org.junit.runners.ParentRunner$2.evaluate(ParentRunner.java:222)
	at org.junit.internal.runners.statements.RunBefores.evaluate(RunBefores.java:28)
	at org.springframework.test.context.junit4.statements.RunBeforeTestClassCallbacks.evaluate(RunBeforeTestClassCallbacks.java:61)
	at org.junit.internal.runners.statements.RunAfters.evaluate(RunAfters.java:30)
	at org.springframework.test.context.junit4.statements.RunAfterTestClassCallbacks.evaluate(RunAfterTestClassCallbacks.java:68)
	at org.junit.runners.ParentRunner.run(ParentRunner.java:300)
	at org.springframework.test.context.junit4.SpringJUnit4ClassRunner.run(SpringJUnit4ClassRunner.java:163)
	at org.apache.maven.surefire.junit4.JUnit4Provider.execute(JUnit4Provider.java:252)
	at org.apache.maven.surefire.junit4.JUnit4Provider.executeTestSet(JUnit4Provider.java:141)
	at org.apache.maven.surefire.junit4.JUnit4Provider.invoke(JUnit4Provider.java:112)
	at sun.reflect.NativeMethodAccessorImpl.invoke0(Native Method)
	at sun.reflect.NativeMethodAccessorImpl.invoke(NativeMethodAccessorImpl.java:57)
	at sun.reflect.DelegatingMethodAccessorImpl.invoke(DelegatingMethodAccessorImpl.java:43)
	at java.lang.reflect.Method.invoke(Method.java:606)
	at org.apache.maven.surefire.util.ReflectionUtils.invokeMethodWithArray(ReflectionUtils.java:189)
	at org.apache.maven.surefire.booter.ProviderFactory$ProviderProxy.invoke(ProviderFactory.java:165)
	at org.apache.maven.surefire.booter.ProviderFactory.invokeProvider(ProviderFactory.java:85)
	at org.apache.maven.surefire.booter.ForkedBooter.runSuitesInProcess(ForkedBooter.java:115)
	at org.apache.maven.surefire.booter.ForkedBooter.main(ForkedBooter.java:75)
2015-04-14 16:30:23 INFO  UserMapper:39 - User loaded successfully, Patron1, Patron1
Tests run: 5, Failures: 0, Errors: 0, Skipped: 1, Time elapsed: 0.11 sec
Running edu.spsu.swe2313.group7.library.MapperTest.AuthenticationMapperTest
2015-04-14 16:30:23 INFO  UserMapper:28 - User saved successfuly, null, null
2015-04-14 16:30:23 INFO  UserMapper:71 - User loaded successfully, null, null
2015-04-14 16:30:23 DEBUG AuthenticationMapper:155 - Returning user level
2015-04-14 16:30:23 DEBUG AuthenticationMapper:95 - Checking User Priviledge Level
2015-04-14 16:30:23 DEBUG AuthenticationMapper:103 - Requested Level Administrator, current level ADMINISTRATOR
2015-04-14 16:30:23 ERROR AuthenticationMapper:137 - Invalid token recieved, User: tester2, token = 9504472a-76ad-47aa-a80d-998897aa58e5
2015-04-14 16:30:23 DEBUG AuthenticationMapper:91 - CheckLogin returned with null
2015-04-14 16:30:23 INFO  UserMapper:28 - User saved successfuly, Vassileva, Maria
2015-04-14 16:30:23 INFO  UserMapper:71 - User loaded successfully, Vassileva, Maria
2015-04-14 16:30:23 DEBUG AuthenticationMapper:155 - Returning user level
2015-04-14 16:30:23 DEBUG AuthenticationMapper:95 - Checking User Priviledge Level
2015-04-14 16:30:23 DEBUG AuthenticationMapper:127 - Found no Access
2015-04-14 16:30:23 DEBUG AuthenticationMapper:155 - Returning user level
2015-04-14 16:30:23 DEBUG AuthenticationMapper:95 - Checking User Priviledge Level
2015-04-14 16:30:23 DEBUG AuthenticationMapper:108 - Requested Level Librarian, current level LIBRARIAN
2015-04-14 16:30:23 DEBUG AuthenticationMapper:155 - Returning user level
2015-04-14 16:30:23 DEBUG AuthenticationMapper:95 - Checking User Priviledge Level
2015-04-14 16:30:23 DEBUG AuthenticationMapper:113 - Requested Level JRLibrarian, current level LIBRARIAN
2015-04-14 16:30:23 DEBUG AuthenticationMapper:155 - Returning user level
2015-04-14 16:30:23 DEBUG AuthenticationMapper:95 - Checking User Priviledge Level
2015-04-14 16:30:23 DEBUG AuthenticationMapper:118 - Requested Level OTHERStaff, current level LIBRARIAN
2015-04-14 16:30:23 DEBUG AuthenticationMapper:155 - Returning user level
2015-04-14 16:30:23 DEBUG AuthenticationMapper:95 - Checking User Priviledge Level
2015-04-14 16:30:23 DEBUG AuthenticationMapper:123 - Requested Level PATRON, current level LIBRARIAN
2015-04-14 16:30:23 ERROR AuthenticationMapper:137 - Invalid token recieved, User: mvassileva, token = 08e6e4a3-2b35-4348-8231-68664c4f87b711111
2015-04-14 16:30:23 DEBUG AuthenticationMapper:91 - CheckLogin returned with null
2015-04-14 16:30:23 INFO  UserMapper:28 - User saved successfuly, null, null
2015-04-14 16:30:23 INFO  UserMapper:71 - User loaded successfully, null, null
2015-04-14 16:30:23 DEBUG AuthenticationMapper:155 - Returning user level
2015-04-14 16:30:23 DEBUG AuthenticationMapper:95 - Checking User Priviledge Level
2015-04-14 16:30:23 DEBUG AuthenticationMapper:127 - Found no Access
2015-04-14 16:30:23 DEBUG AuthenticationMapper:155 - Returning user level
2015-04-14 16:30:23 DEBUG AuthenticationMapper:95 - Checking User Priviledge Level
2015-04-14 16:30:23 DEBUG AuthenticationMapper:127 - Found no Access
Tests run: 3, Failures: 0, Errors: 0, Skipped: 0, Time elapsed: 0.023 sec
Running edu.spsu.swe2313.group7.library.MapperTest.AuthorMapperTest
2015-04-14 16:30:23 INFO  AuthorMapper:26 - Author saved successfuly, Tsui, Frank
2015-04-14 16:30:23 INFO  AuthorMapper:37 - Author loaded successfully, Tsui, Frank
2015-04-14 16:30:23 DEBUG AuthorMapper:38 - Author Object loaded!
2015-04-14 16:30:23 DEBUG AuthorMapper:39 - Author Name:Frank Tsui
2015-04-14 16:30:23 DEBUG AuthorMapper:40 - Author ID = 304
2015-04-14 16:30:23 INFO  AuthorMapper:37 - Author loaded successfully, Tsui, Frank
2015-04-14 16:30:23 DEBUG AuthorMapper:38 - Author Object loaded!
2015-04-14 16:30:23 DEBUG AuthorMapper:39 - Author Name:Frank Tsui
2015-04-14 16:30:23 DEBUG AuthorMapper:40 - Author ID = 304
2015-04-14 16:30:23 INFO  AuthorMapper:37 - Author loaded successfully, Tsui, Frank
2015-04-14 16:30:23 DEBUG AuthorMapper:38 - Author Object loaded!
2015-04-14 16:30:23 DEBUG AuthorMapper:39 - Author Name:Frank Tsui
2015-04-14 16:30:23 DEBUG AuthorMapper:40 - Author ID = 304
Tests run: 2, Failures: 0, Errors: 0, Skipped: 0, Time elapsed: 0.011 sec
Running edu.spsu.swe2313.group7.library.MapperTest.BookMapperTest
2015-04-14 16:30:23 INFO  BookMapper:53 - Book saved successfuly, Essentials Of Software Engineering
2015-04-14 16:30:23 DEBUG BookMapper:64 - Trying to locate book with the id:3
2015-04-14 16:30:23 INFO  BookMapper:66 - Book loaded successfully, Essentials Of Software Engineering
2015-04-14 16:30:23 DEBUG BookMapper:69 - Author Frank Tsui Loaded
2015-04-14 16:30:23 DEBUG BookMapper:69 - Author Orlando Karam Loaded
2015-04-14 16:30:23 DEBUG BookMapper:69 - Author Barbara Bernal Loaded
2015-04-14 16:30:23 DEBUG BookMapper:64 - Trying to locate book with the id:3
2015-04-14 16:30:23 INFO  BookMapper:66 - Book loaded successfully, Essentials Of Software Engineering
2015-04-14 16:30:23 DEBUG BookMapper:69 - Author Frank Tsui Loaded
2015-04-14 16:30:23 DEBUG BookMapper:69 - Author Orlando Karam Loaded
2015-04-14 16:30:23 DEBUG BookMapper:69 - Author Barbara Bernal Loaded
2015-04-14 16:30:23 DEBUG BookMapper:64 - Trying to locate book with the id:3
2015-04-14 16:30:23 INFO  BookMapper:66 - Book loaded successfully, Essentials Of Software Engineering
2015-04-14 16:30:23 DEBUG BookMapper:69 - Author Frank Tsui Loaded
2015-04-14 16:30:23 DEBUG BookMapper:69 - Author Orlando Karam Loaded
2015-04-14 16:30:23 DEBUG BookMapper:69 - Author Barbara Bernal Loaded
2015-04-14 16:30:23 DEBUG BookMapper:64 - Trying to locate book with the id:3
2015-04-14 16:30:23 INFO  BookMapper:66 - Book loaded successfully, Essentials Of Software Engineering
2015-04-14 16:30:23 DEBUG BookMapper:69 - Author Frank Tsui Loaded
2015-04-14 16:30:23 DEBUG BookMapper:69 - Author Orlando Karam Loaded
2015-04-14 16:30:23 DEBUG BookMapper:69 - Author Barbara Bernal Loaded
2015-04-14 16:30:23 DEBUG BookMapper:64 - Trying to locate book with the id:3
2015-04-14 16:30:23 INFO  BookMapper:66 - Book loaded successfully, Essentials Of Software Engineering
2015-04-14 16:30:23 DEBUG BookMapper:69 - Author Frank Tsui Loaded
2015-04-14 16:30:23 DEBUG BookMapper:69 - Author Orlando Karam Loaded
2015-04-14 16:30:23 DEBUG BookMapper:69 - Author Barbara Bernal Loaded
2015-04-14 16:30:23 DEBUG BookMapper:64 - Trying to locate book with the id:3
2015-04-14 16:30:23 INFO  BookMapper:66 - Book loaded successfully, Essentials Of Software Engineering
2015-04-14 16:30:23 DEBUG BookMapper:69 - Author Frank Tsui Loaded
2015-04-14 16:30:23 DEBUG BookMapper:69 - Author Orlando Karam Loaded
2015-04-14 16:30:23 DEBUG BookMapper:69 - Author Barbara Bernal Loaded
2015-04-14 16:30:23 DEBUG BookMapper:64 - Trying to locate book with the id:3
2015-04-14 16:30:23 INFO  BookMapper:66 - Book loaded successfully, Essentials Of Software Engineering
2015-04-14 16:30:23 DEBUG BookMapper:69 - Author Frank Tsui Loaded
2015-04-14 16:30:23 DEBUG BookMapper:69 - Author Orlando Karam Loaded
2015-04-14 16:30:23 DEBUG BookMapper:69 - Author Barbara Bernal Loaded
2015-04-14 16:30:23 DEBUG BookMapper:64 - Trying to locate book with the id:3
2015-04-14 16:30:23 INFO  BookMapper:66 - Book loaded successfully, Essentials Of Software Engineering
2015-04-14 16:30:23 DEBUG BookMapper:69 - Author Frank Tsui Loaded
2015-04-14 16:30:23 DEBUG BookMapper:69 - Author Orlando Karam Loaded
2015-04-14 16:30:23 DEBUG BookMapper:69 - Author Barbara Bernal Loaded
2015-04-14 16:30:23 DEBUG BookMapper:64 - Trying to locate book with the id:3
2015-04-14 16:30:23 INFO  BookMapper:66 - Book loaded successfully, Essentials Of Software Engineering
2015-04-14 16:30:23 DEBUG BookMapper:69 - Author Frank Tsui Loaded
2015-04-14 16:30:23 DEBUG BookMapper:69 - Author Orlando Karam Loaded
2015-04-14 16:30:23 DEBUG BookMapper:69 - Author Barbara Bernal Loaded
2015-04-14 16:30:23 DEBUG BookMapper:64 - Trying to locate book with the id:3
2015-04-14 16:30:23 INFO  BookMapper:66 - Book loaded successfully, Essentials Of Software Engineering
2015-04-14 16:30:23 DEBUG BookMapper:69 - Author Frank Tsui Loaded
2015-04-14 16:30:23 DEBUG BookMapper:69 - Author Orlando Karam Loaded
2015-04-14 16:30:23 DEBUG BookMapper:69 - Author Barbara Bernal Loaded
2015-04-14 16:30:23 DEBUG BookMapper:64 - Trying to locate book with the id:3
2015-04-14 16:30:23 INFO  BookMapper:66 - Book loaded successfully, Essentials Of Software Engineering
2015-04-14 16:30:23 DEBUG BookMapper:69 - Author Frank Tsui Loaded
2015-04-14 16:30:23 DEBUG BookMapper:69 - Author Orlando Karam Loaded
2015-04-14 16:30:23 DEBUG BookMapper:69 - Author Barbara Bernal Loaded
Tests run: 2, Failures: 0, Errors: 0, Skipped: 0, Time elapsed: 0.048 sec
Running edu.spsu.swe2313.group7.library.MapperTest.UserMapperTest
2015-04-14 16:30:23 INFO  UserMapper:28 - User saved successfuly, Vassileva, Maria
2015-04-14 16:30:23 INFO  UserMapper:39 - User loaded successfully, Vassileva, Maria
2015-04-14 16:30:23 INFO  UserMapper:39 - User loaded successfully, Vassileva, Maria
2015-04-14 16:30:23 INFO  UserMapper:39 - User loaded successfully, Vassileva, Maria
2015-04-14 16:30:23 INFO  UserMapper:39 - User loaded successfully, Vassileva, Maria
2015-04-14 16:30:23 INFO  UserMapper:39 - User loaded successfully, Vassileva, Maria
2015-04-14 16:30:23 INFO  UserMapper:39 - User loaded successfully, Vassileva, Maria
Tests run: 2, Failures: 0, Errors: 0, Skipped: 0, Time elapsed: 0.013 sec

Results :

Tests run: 18, Failures: 0, Errors: 0, Skipped: 2

[INFO] 
[INFO] --- maven-war-plugin:2.3:war (default-war) @ library ---
[INFO] Packaging webapp
[INFO] Assembling webapp [library] in [E:\Users\lr3\Documents\NetBeansProjects\SchoolProject-master\Library\target\library-1.0-SNAPSHOT]
[INFO] Processing war project
[INFO] Copying webapp webResources [E:\Users\lr3\Documents\NetBeansProjects\SchoolProject-master\Library\src/main/webapp/public] to [E:\Users\lr3\Documents\NetBeansProjects\SchoolProject-master\Library\target\library-1.0-SNAPSHOT]
[INFO] Copying webapp resources [E:\Users\lr3\Documents\NetBeansProjects\SchoolProject-master\Library\src\main\webapp]
[INFO] Webapp assembled in [191 msecs]
[INFO] Building war: E:\Users\lr3\Documents\NetBeansProjects\SchoolProject-master\Library\target\library-1.0-SNAPSHOT.war
[INFO] 
[INFO] >>> jdeb:0.3:deb (default) > package @ library >>>
[INFO] 
[INFO] --- maven-resources-plugin:2.6:resources (default-resources) @ library ---
[INFO] Using 'UTF-8' encoding to copy filtered resources.
[INFO] Copying 3 resources
[INFO] 
[INFO] --- maven-compiler-plugin:3.1:compile (default-compile) @ library ---
[INFO] Nothing to compile - all classes are up to date
[INFO] 
[INFO] --- maven-resources-plugin:2.6:testResources (default-testResources) @ library ---
[INFO] Using 'UTF-8' encoding to copy filtered resources.
[INFO] skip non existing resourceDirectory E:\Users\lr3\Documents\NetBeansProjects\SchoolProject-master\Library\src\test\resources
[INFO] 
[INFO] --- maven-compiler-plugin:3.1:testCompile (default-testCompile) @ library ---
[INFO] Nothing to compile - all classes are up to date
[INFO] 
[INFO] --- maven-surefire-plugin:2.12.4:test (default-test) @ library ---
[INFO] Skipping execution of surefire because it has already been run for this configuration
[INFO] 
[INFO] --- maven-war-plugin:2.3:war (default-war) @ library ---
[INFO] Packaging webapp
[INFO] Assembling webapp [library] in [E:\Users\lr3\Documents\NetBeansProjects\SchoolProject-master\Library\target\library-1.0-SNAPSHOT]
[INFO] Processing war project
[INFO] Copying webapp webResources [E:\Users\lr3\Documents\NetBeansProjects\SchoolProject-master\Library\src/main/webapp/public] to [E:\Users\lr3\Documents\NetBeansProjects\SchoolProject-master\Library\target\library-1.0-SNAPSHOT]
[INFO] Copying webapp resources [E:\Users\lr3\Documents\NetBeansProjects\SchoolProject-master\Library\src\main\webapp]
[INFO] Webapp assembled in [78 msecs]
[INFO] Building war: E:\Users\lr3\Documents\NetBeansProjects\SchoolProject-master\Library\target\library-1.0-SNAPSHOT.war
[INFO] 
[INFO] <<< jdeb:0.3:deb (default) < package @ library <<<
[INFO] 
[INFO] --- jdeb:0.3:deb (default) @ library ---
[INFO] Using default path to control directory E:\Users\lr3\Documents\NetBeansProjects\SchoolProject-master\Library\src\deb\control
[INFO] Building data
[INFO] file:/E:\srv\jetty\www\library-1.0-SNAPSHOT.war size:19051709 mode:33188 linkname: username:root userid:0 groupname: groupid:0 modtime:Tue Apr 14 16:30:24 EDT 2015 md5: ab5cf1ab3ed066a5de291fe1f15aa52c
[INFO] Total size: 19051709
[INFO] Building control
[INFO] Attaching created debian archive E:\Users\lr3\Documents\NetBeansProjects\SchoolProject-master\Library\target\library_1.0+SNAPSHOT.deb
[INFO] 
[INFO] --- maven-install-plugin:2.4:install (default-install) @ library ---
[INFO] Installing E:\Users\lr3\Documents\NetBeansProjects\SchoolProject-master\Library\target\library-1.0-SNAPSHOT.war to E:\Users\lr3\.m2\repository\edu\spsu\swe2313\group7\library\1.0-SNAPSHOT\library-1.0-SNAPSHOT.war
[INFO] Installing E:\Users\lr3\Documents\NetBeansProjects\SchoolProject-master\Library\pom.xml to E:\Users\lr3\.m2\repository\edu\spsu\swe2313\group7\library\1.0-SNAPSHOT\library-1.0-SNAPSHOT.pom
[INFO] ------------------------------------------------------------------------
[INFO] BUILD SUCCESS
[INFO] ------------------------------------------------------------------------
[INFO] Total time: 7.376 s
[INFO] Finished at: 2015-04-14T16:30:25-04:00
[INFO] Final Memory: 23M/436M
[INFO] ------------------------------------------------------------------------
